transfer-core/build/outputs/mapping/release/seeds.txt
cn.xender.tcore.R
cn.xender.tcore.R$string
...
cn.xender.core.ap.JoinApWorker$SupplicantStateReceiver
cn.xender.core.ap.service.OAPService
cn.xender.core.ap.service.OAPService: int MSG_OPEN_AP
cn.xender.core.ap.service.OAPService: int MSG_GET_AP_INFO
cn.xender.core.ap.service.OAPService: java.lang.String ssid
cn.xender.core.ap.service.OAPService: java.lang.String password
cn.xender.core.ap.service.OAPService: boolean openFailed
cn.xender.core.ap.service.OAPService: android.os.Messenger mMessenger
cn.xender.core.ap.service.OAPService: android.net.wifi.WifiManager$LocalOnlyHotspotReservation reservation
cn.xender.core.ap.service.OAPService: android.net.wifi.WifiManager$LocalOnlyHotspotCallback callback
cn.xender.core.ap.service.OAPService: android.net.wifi.WifiManager wifiManager
cn.xender.core.ap.service.OAPService: cn.xender.core.ap.utils.WifiApManager wifiApManager
cn.xender.core.ap.service.OAPService: OAPService()
cn.xender.core.ap.service.OAPService: void replyToClientMessage(android.os.Message,android.os.Bundle)
cn.xender.core.ap.service.OAPService: android.net.wifi.WifiManager getWifiManager()
cn.xender.core.ap.service.OAPService: cn.xender.core.ap.utils.WifiApManager getWifiApManager()
cn.xender.core.ap.service.OAPService: void onCreate()
cn.xender.core.ap.service.OAPService: android.os.IBinder onBind(android.content.Intent)
cn.xender.core.ap.service.OAPService: boolean onUnbind(android.content.Intent)
cn.xender.core.ap.service.OAPService: void onDestroy()
cn.xender.core.ap.utils.WIFI_AP_STATE: cn.xender.core.ap.utils.WIFI_AP_STATE[] values()
cn.xender.core.ap.utils.WIFI_AP_STATE: cn.xender.core.ap.utils.WIFI_AP_STATE valueOf(java.lang.String)
cn.xender.core.log.Logger
cn.xender.core.log.Logger: boolean r
cn.xender.core.log.Logger: Logger()
cn.xender.core.log.Logger: void c(java.lang.String,java.lang.String)
cn.xender.core.log.Logger: void ce(java.lang.String,java.lang.String)
cn.xender.core.log.Logger: void d(java.lang.String,java.lang.String)
cn.xender.core.log.Logger: void i(java.lang.String,java.lang.String)
cn.xender.core.log.Logger: void e(java.lang.String,java.lang.String)
cn.xender.core.log.Logger: void d(java.lang.String,java.lang.String,java.lang.Throwable)
cn.xender.core.log.Logger: void e(java.lang.String,java.lang.String,java.lang.Throwable)
cn.xender.core.log.Logger: void <clinit>()
cn.xender.core.server.NanoHTTPD$Method: cn.xender.core.server.NanoHTTPD$Method[] values()
cn.xender.core.server.NanoHTTPD$Method: cn.xender.core.server.NanoHTTPD$Method valueOf(java.lang.String)
cn.xender.core.server.NanoHTTPD$Response$Status: cn.xender.core.server.NanoHTTPD$Response$Status[] values()
cn.xender.core.server.NanoHTTPD$Response$Status: cn.xender.core.server.NanoHTTPD$Response$Status valueOf(java.lang.String)
cn.xender.core.server.service.HttpServerService
cn.xender.core.server.service.HttpServerService: java.lang.String TAG
cn.xender.core.server.service.HttpServerService: cn.xender.core.server.EmbbedWebServer server
cn.xender.core.server.service.HttpServerService: android.os.IBinder binder
cn.xender.core.server.service.HttpServerService: HttpServerService()
cn.xender.core.server.service.HttpServerService: int onStartCommand(android.content.Intent,int,int)
cn.xender.core.server.service.HttpServerService: void initState()
cn.xender.core.server.service.HttpServerService: android.os.IBinder onBind(android.content.Intent)
cn.xender.core.server.service.HttpServerService: void onCreate()
cn.xender.core.server.service.HttpServerService: void onDestroy()
cn.xender.core.server.service.HttpServerService: void onLowMemory()
cn.xender.core.server.service.HttpServerService: void onTrimMemory(int)
cn.xender.core.server.service.HttpServerService: cn.xender.core.server.EmbbedWebServer getServer()
cn.xender.core.server.service.HttpServerService: void startServer()
cn.xender.core.server.service.HttpServerService: void stopServer()