transfer-core/build/outputs/mapping/release/mapping.txt
cn.xender.tcore.R -> cn.xender.tcore.R:
    void <init>() -> <init>
cn.xender.tcore.R$string -> cn.xender.tcore.R$string:
    int cn_xender_sdk_app_name -> a
    void <init>() -> <init>
    void <clinit>() -> <clinit>
...
cn.xender.core.ap.AndroidOCreateApWorker$2 -> cn.xender.core.ap.g:
    cn.xender.core.ap.AndroidOCreateApWorker this$0 -> a
    void <init>(cn.xender.core.ap.AndroidOCreateApWorker) -> <init>
    void onServiceConnected(android.content.ComponentName,android.os.IBinder) -> onServiceConnected
    void onServiceDisconnected(android.content.ComponentName) -> onServiceDisconnected
cn.xender.core.ap.AndroidOCreateApWorker$3 -> cn.xender.core.ap.h:
    cn.xender.core.ap.AndroidOCreateApWorker this$0 -> a
    void <init>(cn.xender.core.ap.AndroidOCreateApWorker,android.os.Looper) -> <init>
    void handleMessage(android.os.Message) -> handleMessage
cn.xender.core.ap.BaseCreateApWorker -> cn.xender.core.ap.BaseCreateApWorker:
    android.os.Handler _handler -> a
    cn.xender.core.ap.utils.WifiApManager apManager -> j
    android.net.wifi.WifiManager wifiManager -> k
    java.lang.String ssid -> b
    java.lang.String password -> c
    android.content.Context context -> d
    cn.xender.core.ap.CoreCreateApCallback callback -> e
    java.util.Timer timer -> l
    boolean wifiInit -> m
    java.util.concurrent.atomic.AtomicBoolean creating -> f
    java.util.concurrent.atomic.AtomicBoolean apStatusReceiverRegistered -> n
    cn.xender.core.ap.BaseCreateApWorker$ApStatusReceiver mApStatusReceiver -> g
    int FETCH_APIP_TIMEOUT -> h
    int requestCode -> i
    void <init>(android.content.Context) -> <init>
    boolean isApEnabled() -> j
    void createAp(java.lang.String,java.lang.String,long,int,cn.xender.core.ap.CoreCreateApCallback) -> a
    void retryCreateAp(java.lang.String,java.lang.String,long,int,cn.xender.core.ap.CoreCreateApCallback) -> b
    int getCurrentRequestCode() -> k
    void closeAp() -> b
    void createFailed() -> l
    java.lang.String getApPassword() -> e
    java.lang.String getApName() -> f
    android.net.wifi.WifiManager getWifiManager() -> m
    cn.xender.core.ap.utils.WifiApManager getWifiApManager() -> n
    void doReadyWorkForCreateApAndDoIt(java.lang.String,java.lang.String) -> b
    void ensureWifiApDisabled(java.lang.Runnable) -> a
    void ensureWifiDisabled(java.lang.Runnable) -> b
cn.xender.core.ap.BaseCreateApWorker$1 -> cn.xender.core.ap.i:
    java.lang.String val$ssid -> a
    java.lang.String val$password -> b
    cn.xender.core.ap.BaseCreateApWorker this$0 -> c
    void <init>(cn.xender.core.ap.BaseCreateApWorker,java.lang.String,java.lang.String) -> <init>
    void run() -> run
cn.xender.core.ap.BaseCreateApWorker$2 -> cn.xender.core.ap.j:
    java.lang.String val$ssid -> a
    java.lang.String val$password -> b
    cn.xender.core.ap.BaseCreateApWorker this$0 -> c
    void <init>(cn.xender.core.ap.BaseCreateApWorker,java.lang.String,java.lang.String) -> <init>
    void run() -> run
cn.xender.core.ap.BaseCreateApWorker$3 -> cn.xender.core.ap.k:
    java.lang.Runnable val$runnable -> a
    cn.xender.core.ap.BaseCreateApWorker this$0 -> b
    void <init>(cn.xender.core.ap.BaseCreateApWorker,java.lang.Runnable) -> <init>
    void run() -> run
cn.xender.core.ap.BaseCreateApWorker$4 -> cn.xender.core.ap.l:
    java.lang.Runnable val$callback -> a
    cn.xender.core.ap.BaseCreateApWorker this$0 -> b
    void <init>(cn.xender.core.ap.BaseCreateApWorker,java.lang.Runnable) -> <init>
    void run() -> run
cn.xender.core.ap.BaseCreateApWorker$5 -> cn.xender.core.ap.m:
    cn.xender.core.ap.BaseCreateApWorker this$0 -> a
    void <init>(cn.xender.core.ap.BaseCreateApWorker) -> <init>
    void run() -> run
cn.xender.core.ap.BaseCreateApWorker$6 -> cn.xender.core.ap.n:
    cn.xender.core.ap.BaseCreateApWorker this$0 -> a
    void <init>(cn.xender.core.ap.BaseCreateApWorker) -> <init>
    void run() -> run
cn.xender.core.ap.BaseCreateApWorker$7 -> cn.xender.core.ap.o:
    int[] $SwitchMap$cn$xender$core$ap$utils$WIFI_AP_STATE -> a
    void <clinit>() -> <clinit>