transfer-core/build/outputs/mapping/release/usage.txt
cn.xender.tcore.BuildConfig
...
cn.xender.core.ap.JoinApEvent:
    public static final int JOIN
    public static final int EXIT
    public static final int JOIN_LIMIT
    14:27:public JoinApEvent(boolean,boolean,int,boolean)
    30:30:public boolean isSuccess()
    34:34:public boolean isWrongPassword()
    42:42:public int getType()
    46:46:public boolean isNearbyConnection()
cn.xender.core.ap.JoinApWorker:
    private static final java.lang.String TAG
cn.xender.core.ap.JoinApWorker$NetWorkStatusReceiver:
    public static final java.lang.String NULL_SSID
cn.xender.core.ap.ScanApEvent:
    private static final java.lang.String TAG
    public static final int REQUEST_CODE_SCAN_COMMON_SSID
    public static final int RQQUEST_CODE_SANC_ASSIGNED_SSID
    21:21:public boolean isHasAndroidOAp()
    25:25:public java.util.List getAplist()
    29:29:public boolean isScanStoped()
    50:50:public int getRequestCode()
cn.xender.core.ap.ScanApWorker:
    private static final java.lang.String TAG
cn.xender.core.ap.ScanResultItem:
    private java.lang.String qr_scan_action_type
    private java.lang.String password
    public java.lang.String sessionKey
    15:15:public java.lang.String getPassword()
    19:20:public void setPassword(java.lang.String)
    25:25:public java.lang.String getQr_scan_action_type()
    29:30:public void setQr_scan_action_type(java.lang.String)
    5:43:public ScanResultItem(java.lang.String,java.lang.String,java.lang.String,java.lang.String)
    46:46:public java.lang.String getKeyMgmt()
    54:54:public boolean isClickable()
    66:66:public java.lang.String getSsid_nickname()
    82:82:public java.lang.String getProfix()
cn.xender.core.ap.utils.AndroidOApName:
    private static final java.lang.String ANDROID_O_AP_NAME_FIX
    5:5:public AndroidOApName()
cn.xender.core.ap.utils.BluetoothUtil:
    private static final java.lang.String TAG
    12:12:public BluetoothUtil()
    20:28:public static void closeBluetoothIfOpened(android.content.Context)
    64:64:public static android.bluetooth.BluetoothAdapter getDefaultBluetoothAdapter()
cn.xender.core.ap.utils.ConnectWifiUtil:
    private static final java.lang.String TAG
    197:206:private static android.net.Network getNetworkByNetworkId(int)
    570:587:private static void setProxy(java.lang.Object)
    654:675:public static void unbindNetwork(android.content.Context)
cn.xender.core.ap.utils.FilterManager:
    3:3:public FilterManager()
    21:21:public static cn.xender.core.ap.SSIDFilter getSSIDFilter()
cn.xender.core.ap.utils.UserApConfigurationUtil:
    private static final java.lang.String TAG
    19:19:public UserApConfigurationUtil()
cn.xender.core.ap.utils.WifiAPUtil:
    public static final java.lang.String TAG
    22:22:public WifiAPUtil()
    28:34:public static java.lang.String getApIpByLocalIp(java.lang.String)
    123:131:public static boolean isMobileDataConnected(android.content.Context)
    248:259:public static boolean isNetAvailable(android.content.Context)
    292:328:public static java.lang.String getMacAddress()
cn.xender.core.ap.utils.WifiApFieldUtils:
    7:7:private WifiApFieldUtils()
cn.xender.core.ap.utils.WifiApManager:
    public static final java.lang.String TAG
    private static final java.lang.String METHOD_GET_WIFI_AP_STATE
    private static final java.lang.String METHOD_SET_WIFI_AP_ENABLED
    private static final java.lang.String METHOD_GET_WIFI_AP_CONFIG
    private static final java.lang.String METHOD_IS_WIFI_AP_ENABLED
    216:219:public java.lang.String getWifiApIP()
    229:250:private java.lang.String getLocalIp()
    254:264:private boolean isReservedAddr(java.net.InetAddress)
    271:284:public boolean isWifiConnected()